c:\users\chakki\desktop\c-toc-_plugin\c++\breakoutplugin\x64\debug\breakoutplugin.lib
c:\users\chakki\desktop\c-toc-_plugin\c++\breakoutplugin\x64\debug\breakoutplugin.exp
c:\users\chakki\desktop\c-toc-_plugin\c++\breakoutplugin\breakoutplugin\x64\debug\breakoutplugin.pch
c:\users\chakki\desktop\c-toc-_plugin\c++\breakoutplugin\breakoutplugin\x64\debug\vc142.pdb
c:\users\chakki\desktop\c-toc-_plugin\c++\breakoutplugin\breakoutplugin\x64\debug\vc142.idb
c:\users\chakki\desktop\c-toc-_plugin\c++\breakoutplugin\breakoutplugin\x64\debug\pch.obj
c:\users\chakki\desktop\c-toc-_plugin\c++\breakoutplugin\breakoutplugin\x64\debug\vector2.obj
c:\users\chakki\desktop\c-toc-_plugin\c++\breakoutplugin\breakoutplugin\x64\debug\paddleapi.obj
c:\users\chakki\desktop\c-toc-_plugin\c++\breakoutplugin\breakoutplugin\x64\debug\paddle.obj
c:\users\chakki\desktop\c-toc-_plugin\c++\breakoutplugin\breakoutplugin\x64\debug\intvector2.obj
c:\users\chakki\desktop\c-toc-_plugin\c++\breakoutplugin\breakoutplugin\x64\debug\dllmain.obj
c:\users\chakki\desktop\c-toc-_plugin\c++\breakoutplugin\breakoutplugin\x64\debug\ballapi.obj
c:\users\chakki\desktop\c-toc-_plugin\c++\breakoutplugin\breakoutplugin\x64\debug\ball.obj
c:\users\chakki\desktop\c-toc-_plugin\c++\breakoutplugin\breakoutplugin\x64\debug\breakoutplugin.ilk
c:\users\chakki\desktop\c-toc-_plugin\c++\breakoutplugin\x64\debug\breakoutplugin.dll
c:\users\chakki\desktop\c-toc-_plugin\c++\breakoutplugin\x64\debug\breakoutplugin.pdb
c:\users\chakki\desktop\c-toc-_plugin\c++\breakoutplugin\breakoutplugin\x64\debug\breakoutplugin.tlog\breakoutplugin.write.1u.tlog
c:\users\chakki\desktop\c-toc-_plugin\c++\breakoutplugin\breakoutplugin\x64\debug\breakoutplugin.tlog\cl.command.1.tlog
c:\users\chakki\desktop\c-toc-_plugin\c++\breakoutplugin\breakoutplugin\x64\debug\breakoutplugin.tlog\cl.read.1.tlog
c:\users\chakki\desktop\c-toc-_plugin\c++\breakoutplugin\breakoutplugin\x64\debug\breakoutplugin.tlog\cl.write.1.tlog
c:\users\chakki\desktop\c-toc-_plugin\c++\breakoutplugin\breakoutplugin\x64\debug\breakoutplugin.tlog\link.command.1.tlog
c:\users\chakki\desktop\c-toc-_plugin\c++\breakoutplugin\breakoutplugin\x64\debug\breakoutplugin.tlog\link.read.1.tlog
c:\users\chakki\desktop\c-toc-_plugin\c++\breakoutplugin\breakoutplugin\x64\debug\breakoutplugin.tlog\link.write.1.tlog
